0 info it worked if it ends with ok
1 verbose cli [ '/Users/pankai/.nvm/versions/node/v5.9.1/bin/node',
1 verbose cli   '/Users/pankai/.nvm/versions/node/v5.9.1/bin/npm',
1 verbose cli   'install',
1 verbose cli   'express' ]
2 info using npm@3.7.3
3 info using node@v5.9.1
4 silly loadCurrentTree Starting
5 silly install loadCurrentTree
6 silly install readLocalPackageData
7 silly fetchPackageMetaData express@~4.13.1
8 silly fetchNamedPackageData express
9 silly mapToRegistry name express
10 silly mapToRegistry using default registry
11 silly mapToRegistry registry https://registry.npmjs.org/
12 silly mapToRegistry uri https://registry.npmjs.org/express
13 verbose request uri https://registry.npmjs.org/express
14 verbose request no auth needed
15 info attempt registry request try #1 at 23:00:43
16 verbose request id 9965b1f4962ab2a5
17 verbose etag "A9EV165CBB56K3FK3KJLAVKRS"
18 http request GET https://registry.npmjs.org/express
19 http 304 https://registry.npmjs.org/express
20 verbose headers { date: 'Tue, 26 Apr 2016 15:00:44 GMT',
20 verbose headers   via: '1.1 varnish',
20 verbose headers   'cache-control': 'max-age=300',
20 verbose headers   etag: '"A9EV165CBB56K3FK3KJLAVKRS"',
20 verbose headers   age: '0',
20 verbose headers   connection: 'keep-alive',
20 verbose headers   'x-served-by': 'cache-itm7424-ITM',
20 verbose headers   'x-cache': 'HIT',
20 verbose headers   'x-cache-hits': '1',
20 verbose headers   'x-timer': 'S1461682844.189416,VS0,VE739',
20 verbose headers   vary: 'Accept-Encoding' }
21 silly get cb [ 304,
21 silly get   { date: 'Tue, 26 Apr 2016 15:00:44 GMT',
21 silly get     via: '1.1 varnish',
21 silly get     'cache-control': 'max-age=300',
21 silly get     etag: '"A9EV165CBB56K3FK3KJLAVKRS"',
21 silly get     age: '0',
21 silly get     connection: 'keep-alive',
21 silly get     'x-served-by': 'cache-itm7424-ITM',
21 silly get     'x-cache': 'HIT',
21 silly get     'x-cache-hits': '1',
21 silly get     'x-timer': 'S1461682844.189416,VS0,VE739',
21 silly get     vary: 'Accept-Encoding' } ]
22 verbose etag https://registry.npmjs.org/express from cache
23 verbose get saving express to /Users/pankai/.npm/registry.npmjs.org/express/.cache.json
24 verbose correctMkdir /Users/pankai/.npm correctMkdir not in flight; initializing
25 silly install normalizeTree
26 silly loadCurrentTree Finishing
27 silly loadIdealTree Starting
28 silly install loadIdealTree
29 silly cloneCurrentTree Starting
30 silly install cloneCurrentTreeToIdealTree
31 silly cloneCurrentTree Finishing
32 silly loadShrinkwrap Starting
33 silly install loadShrinkwrap
34 silly loadShrinkwrap Finishing
35 silly loadAllDepsIntoIdealTree Starting
36 silly install loadAllDepsIntoIdealTree
37 silly rollbackFailedOptional Starting
38 silly rollbackFailedOptional Finishing
39 silly runTopLevelLifecycles Starting
40 silly runTopLevelLifecycles Finishing
41 silly install printInstalled
42 verbose stack Error: Refusing to install express as a dependency of itself
42 verbose stack     at checkSelf (/Users/pankai/.nvm/versions/node/v5.9.1/lib/node_modules/npm/lib/install/validate-args.js:53:14)
42 verbose stack     at Array.<anonymous> (/Users/pankai/.nvm/versions/node/v5.9.1/lib/node_modules/npm/node_modules/slide/lib/bind-actor.js:15:8)
42 verbose stack     at LOOP (/Users/pankai/.nvm/versions/node/v5.9.1/lib/node_modules/npm/node_modules/slide/lib/chain.js:15:14)
42 verbose stack     at chain (/Users/pankai/.nvm/versions/node/v5.9.1/lib/node_modules/npm/node_modules/slide/lib/chain.js:20:5)
42 verbose stack     at /Users/pankai/.nvm/versions/node/v5.9.1/lib/node_modules/npm/lib/install/validate-args.js:16:5
42 verbose stack     at /Users/pankai/.nvm/versions/node/v5.9.1/lib/node_modules/npm/node_modules/slide/lib/async-map.js:52:35
42 verbose stack     at Array.forEach (native)
42 verbose stack     at /Users/pankai/.nvm/versions/node/v5.9.1/lib/node_modules/npm/node_modules/slide/lib/async-map.js:52:11
42 verbose stack     at Array.forEach (native)
42 verbose stack     at asyncMap (/Users/pankai/.nvm/versions/node/v5.9.1/lib/node_modules/npm/node_modules/slide/lib/async-map.js:51:8)
43 verbose cwd /Users/pankai/DevelopmentProject/webApp/express
44 error Darwin 15.4.0
45 error argv "/Users/pankai/.nvm/versions/node/v5.9.1/bin/node" "/Users/pankai/.nvm/versions/node/v5.9.1/bin/npm" "install" "express"
46 error node v5.9.1
47 error npm  v3.7.3
48 error code ENOSELF
49 error Refusing to install express as a dependency of itself
50 error If you need help, you may report this error at:
50 error     <https://github.com/npm/npm/issues>
51 verbose exit [ 1, true ]
