Arguments: 
  /Users/pankai/.nvm/versions/node/v8.1.2/bin/node /usr/local/bin/yarn

PATH: 
  /usr/local/opt/curl/bin:/usr/local/sbin:/Users/pankai/.nvm/versions/node/v8.1.2/bin:/Users/pankai/perl5/bin:/Users/pankai/bin:/usr/local/bin:/usr/local/bin:/usr/bin:/bin:/usr/sbin:/sbin:/usr/local/go/bin:/Applications/Wireshark.app/Contents/MacOS:/Users/pankai/DevelopmentProject/go/bin:/Users/pankai/.rvm/bin

Yarn version: 
  0.27.5

Node version: 
  8.1.2

Platform: 
  darwin x64

npm manifest: 
  {
      "name": "applysquare-go",
      "version": "1.0.0",
      "description": "",
      "main": "index.js",
      "repository": {
        "type": "git",
        "url": "https://ma.applysquare.net/eng/go.git"
      },
      "author": "applysquare team",
      "private": true,
      "dependencies": {
        "antd": "2.13.9",
        "babel-plugin-transform-es3-member-expression-literals": "^6.22.0",
        "babel-runtime": "6.9.2",
        "base64-loader": "^1.0.0",
        "bootstrap": "3.3.6",
        "crypto": "0.0.3",
        "docxtemplater": "^3.1.7",
        "docxtemplater-image-module": "^3.1.0",
        "echarts-for-react": "1.4.4",
        "file-saver": "^1.3.3",
        "fuse-test-runner": "^1.0.16",
        "graphiql": "0.11.2",
        "graphql-tools": "^2.7.2",
        "invariant": "2.2.1",
        "jest": "^21.2.1",
        "jquery.cookie": "1.4.1",
        "jsoneditor": "^5.8.1",
        "jszip": "2",
        "jszip-utils": "^0.0.2",
        "lodash": "^4.17.2",
        "mobx": "3.3.1",
        "mobx-react": "3.5.9",
        "moment": "^2.18.1",
        "object-path": "^0.9.2",
        "pace-js": "^1.0.2",
        "qrcode-react": "^0.1.14",
        "radium": "0.18.1",
        "react": "^15.6.1",
        "react-addons-test-utils": "15.3.2",
        "react-bootstrap": "0.30.5",
        "react-dom": "^15.6.1",
        "react-ga": "2.1.2",
        "react-router": "2.8.1",
        "react-router-bootstrap": "0.23.1",
        "react-scrollspy": "2.6.3",
        "reactable": "0.13.2",
        "remarkable": "1.7.1",
        "toastr": "2.1.0",
        "ts-node": "^4.0.1",
        "uglify-js": "^3.0.23"
      },
      "devDependencies": {
        "@types/bootstrap": "3.3.32",
        "@types/chai": "3.4.34",
        "@types/echarts": "0.0.4",
        "@types/express": "^4.11.0",
        "@types/fs-extra": "^4.0.5",
        "@types/glob": "^5.0.33",
        "@types/graphql": "^0.11.6",
        "@types/history": "2.0.39",
        "@types/htmlparser2": "^3.7.31",
        "@types/invariant": "^2.2.28",
        "@types/jquery": "2.0.32",
        "@types/jquery.cookie": "1.4.28",
        "@types/jsdom": "^11.0.4",
        "@types/lodash": "4.14.36",
        "@types/node": "6.0.41",
        "@types/object-path": "^0.9.2",
        "@types/radium": "0.18.22",
        "@types/react": "15.0.35",
        "@types/react-bootstrap": "0.0.33",
        "@types/react-dom": "15.5.1",
        "@types/react-ga": "1.4.6",
        "@types/validator": "5.7.34",
        "babel-core": "6.25.0",
        "babel-eslint": "6.0.3",
        "babel-plugin-transform-runtime": "6.23.0",
        "babel-polyfill": "6.23.0",
        "babel-preset-es2015": "6.24.1",
        "babel-preset-react": "6.24.1",
        "babel-preset-stage-0": "6.24.1",
        "body-parser": "^1.18.2",
        "compass-mixins": "0.12.7",
        "eslint": "2.11.1",
        "eslint-plugin-react": "5.0.1",
        "file": "0.2.2",
        "fuse-box": "2.4.0",
        "htmlparser2": "^3.9.2",
        "jscs": "3.0.4",
        "less": "^2.7.3",
        "minimist": "^1.2.0",
        "node-libs-browser": "0.5.2",
        "node-sass": "4.5.3",
        "react-select2-wrapper": "0.6.1",
        "tslint": "5.5.0",
        "typed-graphql": "1.0.2",
        "typescript": "2.4",
        "xhr-mock": "2.0.0-preview.9",
        "zombie": "^5.0.7"
      }
    }

yarn manifest: 
  No manifest

Lockfile: 
  No lockfile

Trace: 
  TypeError: https://registry.npm.taobao.org/fuse-test-runner: Cannot read property 'asyncReset' of null
      at Agent.addRequest (_http_agent.js:171:19)
      at new ClientRequest (_http_client.js:272:16)
      at Object.request (http.js:39:10)
      at Object.request (https.js:233:15)
      at Request.start (/usr/local/Cellar/yarn/0.27.5/libexec/lib/yarn-cli.js:114809:32)
      at Request.end (/usr/local/Cellar/yarn/0.27.5/libexec/lib/yarn-cli.js:115579:10)
      at end (/usr/local/Cellar/yarn/0.27.5/libexec/lib/yarn-cli.js:114621:14)
      at Immediate._onImmediate (/usr/local/Cellar/yarn/0.27.5/libexec/lib/yarn-cli.js:114635:7)
      at runCallback (timers.js:800:20)
      at tryOnImmediate (timers.js:762:5)
