0 info it worked if it ends with ok
1 verbose cli [ '/usr/local/Cellar/node/5.0.0/bin/node',
1 verbose cli   '/usr/local/bin/npm',
1 verbose cli   'start' ]
2 info using npm@3.3.9
3 info using node@v5.0.0
4 verbose run-script [ 'prestart', 'start', 'poststart' ]
5 info lifecycle es6@1.0.0~prestart: es6@1.0.0
6 silly lifecycle es6@1.0.0~prestart: no script for prestart, continuing
7 info lifecycle es6@1.0.0~start: es6@1.0.0
8 verbose lifecycle es6@1.0.0~start: unsafe-perm in lifecycle true
9 verbose lifecycle es6@1.0.0~start: PATH: /usr/local/lib/node_modules/npm/bin/node-gyp-bin:/Users/pankai/project/es6/node_modules/.bin:/Users/pankai/bin:/usr/local/bin:/Users/pankai/.nvm/versions/node/v5.9.1/bin:/usr/local/bin:/usr/bin:/bin:/usr/sbin:/sbin:/Applications/Server.app/Contents/ServerRoot/usr/bin:/Applications/Server.app/Contents/ServerRoot/usr/sbin:/Users/pankai/.pyenv/bin
10 verbose lifecycle es6@1.0.0~start: CWD: /Users/pankai/project/es6
11 silly lifecycle es6@1.0.0~start: Args: [ '-c', 'webpack-dev-server --hot --progress --colors' ]
12 silly lifecycle es6@1.0.0~start: Returned: code: 1  signal: null
13 info lifecycle es6@1.0.0~start: Failed to exec start script
14 verbose stack Error: es6@1.0.0 start: `webpack-dev-server --hot --progress --colors`
14 verbose stack Exit status 1
14 verbose stack     at EventEmitter.<anonymous> (/usr/local/lib/node_modules/npm/lib/utils/lifecycle.js:233:16)
14 verbose stack     at emitTwo (events.js:87:13)
14 verbose stack     at EventEmitter.emit (events.js:172:7)
14 verbose stack     at ChildProcess.<anonymous> (/usr/local/lib/node_modules/npm/lib/utils/spawn.js:24:14)
14 verbose stack     at emitTwo (events.js:87:13)
14 verbose stack     at ChildProcess.emit (events.js:172:7)
14 verbose stack     at maybeClose (internal/child_process.js:818:16)
14 verbose stack     at Process.ChildProcess._handle.onexit (internal/child_process.js:211:5)
15 verbose pkgid es6@1.0.0
16 verbose cwd /Users/pankai/project/es6
17 error Darwin 15.4.0
18 error argv "/usr/local/Cellar/node/5.0.0/bin/node" "/usr/local/bin/npm" "start"
19 error node v5.0.0
20 error npm  v3.3.9
21 error code ELIFECYCLE
22 error es6@1.0.0 start: `webpack-dev-server --hot --progress --colors`
22 error Exit status 1
23 error Failed at the es6@1.0.0 start script 'webpack-dev-server --hot --progress --colors'.
23 error This is most likely a problem with the es6 package,
23 error not with npm itself.
23 error Tell the author that this fails on your system:
23 error     webpack-dev-server --hot --progress --colors
23 error You can get their info via:
23 error     npm owner ls es6
23 error There is likely additional logging output above.
24 verbose exit [ 1, true ]
